#
# There is insufficient memory for the Java Runtime Environment to continue.
# Native memory allocation (mmap) failed to map 65011712 bytes for G1 virtual space
# Possible reasons:
#   The system is out of physical RAM or swap space
#   The process is running with CompressedOops enabled, and the Java Heap may be blocking the growth of the native heap
# Possible solutions:
#   Reduce memory load on the system
#   Increase physical memory or swap space
#   Check if swap backing store is full
#   Decrease Java heap size (-Xmx/-Xms)
#   Decrease number of Java threads
#   Decrease Java thread stack sizes (-Xss)
#   Set larger code cache with -XX:ReservedCodeCacheSize=
#   JVM is running with Unscaled Compressed Oops mode in which the Java heap is
#     placed in the first 4GB address space. The Java Heap base address is the
#     maximum limit for the native heap growth. Please use -XX:HeapBaseMinAddress
#     to set the Java Heap base and to place the Java Heap above 4GB virtual address.
# This output file may be truncated or incomplete.
#
#  Out of Memory Error (os_windows.cpp:3559), pid=15048, tid=6096
#
# JRE version:  (17.0.7+7) (build )
# Java VM: OpenJDK 64-Bit Server VM (17.0.7+7, mixed mode, sharing, tiered, compressed oops, compressed class ptrs, g1 gc, windows-amd64)
# No core dump will be written. Minidumps are not enabled by default on client versions of Windows
#

---------------  S U M M A R Y ------------

Command Line: --module-path=D:\Downloads\openjfx-20.0.1_monocle-windows-x64_bin-sdk\javafx-sdk-20.0.1\lib --add-modules=javafx.controls,javafx.fxml,javafx.swing,javafx.graphics,javafx.web -Dfile.encoding=UTF-8 -XX:+ShowCodeDetailsInExceptionMessages hust.soict.dsai.aims.screen.CartScreen

Host: Intel(R) Pentium(R) Silver N5000 CPU @ 1.10GHz, 4 cores, 3G,  Windows 11 , 64 bit Build 22621 (10.0.22621.1778)
Time: Thu Jun 22 17:01:31 2023 SE Asia Standard Time elapsed time: 0.036684 seconds (0d 0h 0m 0s)

---------------  T H R E A D  ---------------

Current thread (0x000001ae364a9910):  JavaThread "Unknown thread" [_thread_in_vm, id=6096, stack(0x0000003bebf00000,0x0000003bec000000)]

Stack: [0x0000003bebf00000,0x0000003bec000000]
Native frames: (J=compiled Java code, j=interpreted, Vv=VM code, C=native code)
V  [jvm.dll+0x67754a]
V  [jvm.dll+0x834304]
V  [jvm.dll+0x835aae]
V  [jvm.dll+0x836113]
V  [jvm.dll+0x24696f]
V  [jvm.dll+0x6743f9]
V  [jvm.dll+0x668c8a]
V  [jvm.dll+0x3061bb]
V  [jvm.dll+0x30d6a6]
V  [jvm.dll+0x35cece]
V  [jvm.dll+0x35d0ff]
V  [jvm.dll+0x2dd048]
V  [jvm.dll+0x2ddfb4]
V  [jvm.dll+0x8066d1]
V  [jvm.dll+0x36ac91]
V  [jvm.dll+0x7e5cec]
V  [jvm.dll+0x3ed56f]
V  [jvm.dll+0x3ef0a1]
C  [jli.dll+0x528b]
C  [ucrtbase.dll+0x29363]
C  [KERNEL32.DLL+0x126ad]
C  [ntdll.dll+0x5a9f8]


---------------  P R O C E S S  ---------------

Threads class SMR info:
_java_thread_list=0x00007ffd57267018, length=0, elements={
}

Java Threads: ( => current thread )

Other Threads:
  0x000001ae364e62e0 GCTaskThread "GC Thread#0" [stack: 0x0000003bec000000,0x0000003bec100000] [id=1656]
  0x000001ae364ef5a0 ConcurrentGCThread "G1 Main Marker" [stack: 0x0000003bec100000,0x0000003bec200000] [id=12480]
  0x000001ae364effb0 ConcurrentGCThread "G1 Conc#0" [stack: 0x0000003bec200000,0x0000003bec300000] [id=5020]

[error occurred during error reporting (printing all threads), id 0xc0000005, EXCEPTION_ACCESS_VIOLATION (0xc0000005) at pc=0x00007ffd56a3daf7]

VM state: not at safepoint (not fully initialized)

VM Mutex/Monitor currently owned by a thread:  ([mutex/lock_event])
[0x000001ae364a6690] Heap_lock - owner thread: 0x000001ae364a9910

Heap address: 0x00000000c2c00000, size: 980 MB, Compressed Oops mode: 32-bit

CDS archive(s) mapped at: [0x0000000000000000-0x0000000000000000-0x0000000000000000), size 0, SharedBaseAddress: 0x0000000800000000, ArchiveRelocationMode: 0.
Narrow klass base: 0x0000000000000000, Narrow klass shift: 0, Narrow klass range: 0x0

GC Precious Log:
<Empty>

Heap:
 garbage-first heap   total 0K, used 0K [0x00000000c2c00000, 0x0000000100000000)
  region size 1024K, 0 young (0K), 0 survivors (0K)

[error occurred during error reporting (printing heap information), id 0xc0000005, EXCEPTION_ACCESS_VIOLATION (0xc0000005) at pc=0x00007ffd56e20db9]

GC Heap History (0 events):
No events

Dll operation events (1 events):
Event: 0.020 Loaded shared library C:\Users\Admin\eclipse\plugins\org.eclipse.justj.openjdk.hotspot.jre.full.win32.x86_64_17.0.7.v20230425-1502\jre\bin\java.dll

Deoptimization events (0 events):
No events

Classes unloaded (0 events):
No events

Classes redefined (0 events):
No events

Internal exceptions (0 events):
No events

VM Operations (0 events):
No events

Events (0 events):
No events


Dynamic libraries:
0x00007ff7a9900000 - 0x00007ff7a990e000 	C:\Users\Admin\eclipse\plugins\org.eclipse.justj.openjdk.hotspot.jre.full.win32.x86_64_17.0.7.v20230425-1502\jre\bin\javaw.exe
0x00007ffdb9310000 - 0x00007ffdb9524000 	C:\WINDOWS\SYSTEM32\ntdll.dll
0x00007ffdb7bd0000 - 0x00007ffdb7c92000 	C:\WINDOWS\System32\KERNEL32.DLL
0x00007ffdb6710000 - 0x00007ffdb6ab3000 	C:\WINDOWS\System32\KERNELBASE.dll
0x00007ffdb6c60000 - 0x00007ffdb6d71000 	C:\WINDOWS\System32\ucrtbase.dll
0x00007ffd9e660000 - 0x00007ffd9e677000 	C:\Users\Admin\eclipse\plugins\org.eclipse.justj.openjdk.hotspot.jre.full.win32.x86_64_17.0.7.v20230425-1502\jre\bin\jli.dll
0x00007ffd8f610000 - 0x00007ffd8f629000 	C:\Users\Admin\eclipse\plugins\org.eclipse.justj.openjdk.hotspot.jre.full.win32.x86_64_17.0.7.v20230425-1502\jre\bin\VCRUNTIME140.dll
0x00007ffdb7830000 - 0x00007ffdb79db000 	C:\WINDOWS\System32\USER32.dll
0x00007ffdb6df0000 - 0x00007ffdb6e16000 	C:\WINDOWS\System32\win32u.dll
0x00007ffdb8ed0000 - 0x00007ffdb8ef9000 	C:\WINDOWS\System32\GDI32.dll
0x00007ffdb6ac0000 - 0x00007ffdb6bd9000 	C:\WINDOWS\System32\gdi32full.dll
0x00007ffdb7050000 - 0x00007ffdb70ea000 	C:\WINDOWS\System32\msvcp_win.dll
0x00007ffd8bfb0000 - 0x00007ffd8c23e000 	C:\WINDOWS\WinSxS\amd64_microsoft.windows.common-controls_6595b64144ccf1df_6.0.22621.1635_none_270f70857386168e\COMCTL32.dll
0x00007ffdb9220000 - 0x00007ffdb92c7000 	C:\WINDOWS\System32\msvcrt.dll
0x00007ffdb8b40000 - 0x00007ffdb8b71000 	C:\WINDOWS\System32\IMM32.DLL
0x00007ffd9e650000 - 0x00007ffd9e65c000 	C:\Users\Admin\eclipse\plugins\org.eclipse.justj.openjdk.hotspot.jre.full.win32.x86_64_17.0.7.v20230425-1502\jre\bin\vcruntime140_1.dll
0x00007ffd7ec00000 - 0x00007ffd7ec91000 	C:\Users\Admin\eclipse\plugins\org.eclipse.justj.openjdk.hotspot.jre.full.win32.x86_64_17.0.7.v20230425-1502\jre\bin\msvcp140.dll
0x00007ffd56750000 - 0x00007ffd57398000 	C:\Users\Admin\eclipse\plugins\org.eclipse.justj.openjdk.hotspot.jre.full.win32.x86_64_17.0.7.v20230425-1502\jre\bin\server\jvm.dll
0x00007ffdb79f0000 - 0x00007ffdb7a9e000 	C:\WINDOWS\System32\ADVAPI32.dll
0x00007ffdb8f60000 - 0x00007ffdb9004000 	C:\WINDOWS\System32\sechost.dll
0x00007ffdb7ab0000 - 0x00007ffdb7bc7000 	C:\WINDOWS\System32\RPCRT4.dll
0x00007ffdb12f0000 - 0x00007ffdb12f9000 	C:\WINDOWS\SYSTEM32\WSOCK32.dll
0x00007ffdb8e50000 - 0x00007ffdb8ec1000 	C:\WINDOWS\System32\WS2_32.dll
0x00007ffd99390000 - 0x00007ffd993c4000 	C:\WINDOWS\SYSTEM32\WINMM.dll
0x00007ffdaef90000 - 0x00007ffdaef9a000 	C:\WINDOWS\SYSTEM32\VERSION.dll
0x00007ffdb5760000 - 0x00007ffdb5778000 	C:\WINDOWS\SYSTEM32\kernel.appcore.dll
0x00007ffdb1080000 - 0x00007ffdb108a000 	C:\Users\Admin\eclipse\plugins\org.eclipse.justj.openjdk.hotspot.jre.full.win32.x86_64_17.0.7.v20230425-1502\jre\bin\jimage.dll
0x00007ffdb4140000 - 0x00007ffdb436e000 	C:\WINDOWS\SYSTEM32\DBGHELP.DLL
0x00007ffdb8580000 - 0x00007ffdb8909000 	C:\WINDOWS\System32\combase.dll
0x00007ffdb90b0000 - 0x00007ffdb9187000 	C:\WINDOWS\System32\OLEAUT32.dll
0x00007ffdaefc0000 - 0x00007ffdaeff2000 	C:\WINDOWS\SYSTEM32\dbgcore.DLL
0x00007ffdb6be0000 - 0x00007ffdb6c5b000 	C:\WINDOWS\System32\bcryptPrimitives.dll
0x00007ffd9e5a0000 - 0x00007ffd9e5c5000 	C:\Users\Admin\eclipse\plugins\org.eclipse.justj.openjdk.hotspot.jre.full.win32.x86_64_17.0.7.v20230425-1502\jre\bin\java.dll

dbghelp: loaded successfully - version: 4.0.5 - missing functions: none
symbol engine: initialized successfully - sym options: 0x614 - pdb path: .;C:\Users\Admin\eclipse\plugins\org.eclipse.justj.openjdk.hotspot.jre.full.win32.x86_64_17.0.7.v20230425-1502\jre\bin;C:\WINDOWS\SYSTEM32;C:\WINDOWS\WinSxS\amd64_microsoft.windows.common-controls_6595b64144ccf1df_6.0.22621.1635_none_270f70857386168e;C:\Users\Admin\eclipse\plugins\org.eclipse.justj.openjdk.hotspot.jre.full.win32.x86_64_17.0.7.v20230425-1502\jre\bin\server

VM Arguments:
jvm_args: --module-path=D:\Downloads\openjfx-20.0.1_monocle-windows-x64_bin-sdk\javafx-sdk-20.0.1\lib --add-modules=javafx.controls,javafx.fxml,javafx.swing,javafx.graphics,javafx.web -Dfile.encoding=UTF-8 -XX:+ShowCodeDetailsInExceptionMessages 
java_command: hust.soict.dsai.aims.screen.CartScreen
java_class_path (initial): C:\Users\Admin\eclipse-workspace\AimsProject\bin;C:\Program Files\Java\openjfx-20.0.1_windows-x64_bin-sdk\javafx-sdk-20.0.1\lib\javafx.base.jar;C:\Program Files\Java\openjfx-20.0.1_windows-x64_bin-sdk\javafx-sdk-20.0.1\lib\javafx.controls.jar;C:\Program Files\Java\openjfx-20.0.1_windows-x64_bin-sdk\javafx-sdk-20.0.1\lib\javafx.fxml.jar;C:\Program Files\Java\openjfx-20.0.1_windows-x64_bin-sdk\javafx-sdk-20.0.1\lib\javafx.graphics.jar;C:\Program Files\Java\openjfx-20.0.1_windows-x64_bin-sdk\javafx-sdk-20.0.1\lib\javafx.media.jar;C:\Program Files\Java\openjfx-20.0.1_windows-x64_bin-sdk\javafx-sdk-20.0.1\lib\javafx.swing.jar;C:\Program Files\Java\openjfx-20.0.1_windows-x64_bin-sdk\javafx-sdk-20.0.1\lib\javafx.web.jar;C:\Program Files\Java\openjfx-20.0.1_windows-x64_bin-sdk\javafx-sdk-20.0.1\lib\javafx-swt.jar;D:\Downloads\openjfx-20.0.1_monocle-windows-x64_bin-sdk\javafx-sdk-20.0.1\lib\javafx.controls.jar;D:\Downloads\openjfx-20.0.1_monocle-windows-x64_bin-sdk\javafx-sdk-20.0.1\lib\javafx.fxml.jar;D:\Downloads\openjfx-20.0.1_monocle-windows-x64_bin-sdk\javafx-sdk-20.0.1\lib\javafx.graphics.jar;D:\Downloads\openjfx-20.0.1_monocle-windows-x64_bin-sdk\javafx-sdk-20.0.1\lib\javafx.media.jar;D:\Downloads\openjfx-20.0.1_monocle-windows-x64_bin-sdk\javafx-sdk-20.0.1\lib\javafx.swing.jar;D:\Downloads\openjfx-20.0.1_monocle-windows-x64_bin-sdk\javafx-sdk-20.0.1\lib\javafx.web.jar;D:\Downloads\openjfx-20.0.1_monocle-windows-x64_bin-sdk\javafx-sdk-20.0.1\lib\javafx.base.jar;D:\Downloads\openjfx-20.0.1_monocle-windows-x64_bin-sdk\javafx-sdk-20.0.1\lib\javafx-swt.jar
Launcher Type: SUN_STANDARD

[Global flags]
     intx CICompilerCount                          = 3                                         {product} {ergonomic}
     uint ConcGCThreads                            = 1                                         {product} {ergonomic}
     uint G1ConcRefinementThreads                  = 4                                         {product} {ergonomic}
   size_t G1HeapRegionSize                         = 1048576                                   {product} {ergonomic}
    uintx GCDrainStackTargetSize                   = 64                                        {product} {ergonomic}
   size_t InitialHeapSize                          = 65011712                                  {product} {ergonomic}
   size_t MarkStackSize                            = 4194304                                   {product} {ergonomic}
   size_t MaxHeapSize                              = 1027604480                                {product} {ergonomic}
   size_t MinHeapDeltaBytes                        = 1048576                                   {product} {ergonomic}
   size_t MinHeapSize                              = 8388608                                   {product} {ergonomic}
    uintx NonNMethodCodeHeapSize                   = 5832780                                {pd product} {ergonomic}
    uintx NonProfiledCodeHeapSize                  = 122912730                              {pd product} {ergonomic}
    uintx ProfiledCodeHeapSize                     = 122912730                              {pd product} {ergonomic}
    uintx ReservedCodeCacheSize                    = 251658240                              {pd product} {ergonomic}
     bool SegmentedCodeCache                       = true                                      {product} {ergonomic}
     bool ShowCodeDetailsInExceptionMessages       = true                                   {manageable} {command line}
   size_t SoftMaxHeapSize                          = 1027604480                             {manageable} {ergonomic}
     bool UseCompressedClassPointers               = true                           {product lp64_product} {ergonomic}
     bool UseCompressedOops                        = true                           {product lp64_product} {ergonomic}
     bool UseG1GC                                  = true                                      {product} {ergonomic}
     bool UseLargePagesIndividualAllocation        = false                                  {pd product} {ergonomic}

Logging:
Log output configuration:
 #0: stdout all=warning uptime,level,tags
 #1: stderr all=off uptime,level,tags

Environment Variables:
JAVA_HOME=C:\Program Files\Java\jdk1.8.0_361
PATH=C:/Users/Admin/eclipse//plugins/org.eclipse.justj.openjdk.hotspot.jre.full.win32.x86_64_17.0.7.v20230425-1502/jre/bin/server;C:/Users/Admin/eclipse//plugins/org.eclipse.justj.openjdk.hotspot.jre.full.win32.x86_64_17.0.7.v20230425-1502/jre/bin;C:\Program Files\Microsoft MPI\Bin\;C:\Program Files\Common Files\Oracle\Java\javapath;C:\WINDOWS\system32;C:\WINDOWS;C:\WINDOWS\System32\Wbem;C:\WINDOWS\System32\WindowsPowerShell\v1.0\;C:\WINDOWS\System32\OpenSSH\;C:\Program Files (x86)\Microsoft SQL Server\160\Tools\Binn\;D:\Microsoft SQL Server\160\Tools\Binn\;D:\Microsoft SQL Server\Client SDK\ODBC\170\Tools\Binn\;D:\Microsoft SQL Server\160\DTS\Binn\;C:\Program Files (x86)\Microsoft SQL Server\160\DTS\Binn\;C:\Program Files\Azure Data Studio\bin;C:\Program Files\Git\cmd;C:\Users\Admin\AppData\Local\Programs\Python\Python310\Scripts\;C:\Users\Admin\AppData\Local\Programs\Python\Python310\;C:\Users\Admin\AppData\Local\Microsoft\WindowsApps;C:\Users\Admin\AppData\Local\Programs\Microsoft VS Code\bin;C:\Program Files\Azure Data Studio\bin;C:\Users\Admin\AppData\Local\GitHubDesktop\bin;C:\Users\Admin\eclipse;
USERNAME=Admin
OS=Windows_NT
PROCESSOR_IDENTIFIER=Intel64 Family 6 Model 122 Stepping 1, GenuineIntel
TMP=C:\Users\Admin\AppData\Local\Temp
TEMP=C:\Users\Admin\AppData\Local\Temp



---------------  S Y S T E M  ---------------

OS:
 Windows 11 , 64 bit Build 22621 (10.0.22621.1778)
OS uptime: 1 days 8:16 hours

CPU: total 4 (initial active 4) (4 cores per cpu, 1 threads per core) family 6 model 122 stepping 1 microcode 0x34, cx8, cmov, fxsr, mmx, 3dnowpref, sse, sse2, sse3, ssse3, sse4.1, sse4.2, popcnt, tsc, tscinvbit, aes, erms, clmul, sha, clflush, clflushopt

Memory: 4k page, system-wide physical 3919M (319M free)
TotalPageFile size 10397M (AvailPageFile size 36M)
current process WorkingSet (physical memory assigned to process): 10M, peak: 10M
current process commit charge ("private bytes"): 51M, peak: 113M

vm_info: OpenJDK 64-Bit Server VM (17.0.7+7) for windows-amd64 JRE (17.0.7+7), built on Apr 18 2023 22:10:42 by "temurin" with MS VC++ 16.7 (VS2019)

END.
