#
# There is insufficient memory for the Java Runtime Environment to continue.
# Native memory allocation (mmap) failed to map 65011712 bytes for G1 virtual space
# Possible reasons:
#   The system is out of physical RAM or swap space
#   The process is running with CompressedOops enabled, and the Java Heap may be blocking the growth of the native heap
# Possible solutions:
#   Reduce memory load on the system
#   Increase physical memory or swap space
#   Check if swap backing store is full
#   Decrease Java heap size (-Xmx/-Xms)
#   Decrease number of Java threads
#   Decrease Java thread stack sizes (-Xss)
#   Set larger code cache with -XX:ReservedCodeCacheSize=
#   JVM is running with Unscaled Compressed Oops mode in which the Java heap is
#     placed in the first 4GB address space. The Java Heap base address is the
#     maximum limit for the native heap growth. Please use -XX:HeapBaseMinAddress
#     to set the Java Heap base and to place the Java Heap above 4GB virtual address.
# This output file may be truncated or incomplete.
#
#  Out of Memory Error (os_windows.cpp:3559), pid=12532, tid=13456
#
# JRE version:  (17.0.7+7) (build )
# Java VM: OpenJDK 64-Bit Server VM (17.0.7+7, mixed mode, sharing, tiered, compressed oops, compressed class ptrs, g1 gc, windows-amd64)
# No core dump will be written. Minidumps are not enabled by default on client versions of Windows
#

---------------  S U M M A R Y ------------

Command Line: --module-path=D:\Downloads\openjfx-20.0.1_monocle-windows-x64_bin-sdk\javafx-sdk-20.0.1\lib --add-modules=javafx.controls,javafx.fxml,javafx.swing,javafx.graphics,javafx.web -Dfile.encoding=UTF-8 -XX:+ShowCodeDetailsInExceptionMessages hust.soict.dsai.aims.screen.test

Host: Intel(R) Pentium(R) Silver N5000 CPU @ 1.10GHz, 4 cores, 3G,  Windows 11 , 64 bit Build 22621 (10.0.22621.1778)
Time: Sat Jul  1 00:28:29 2023 SE Asia Standard Time elapsed time: 0.030773 seconds (0d 0h 0m 0s)

---------------  T H R E A D  ---------------

Current thread (0x00000178c606bb90):  JavaThread "Unknown thread" [_thread_in_vm, id=13456, stack(0x00000039aad00000,0x00000039aae00000)]

Stack: [0x00000039aad00000,0x00000039aae00000]
Native frames: (J=compiled Java code, j=interpreted, Vv=VM code, C=native code)
V  [jvm.dll+0x67754a]
V  [jvm.dll+0x834304]
V  [jvm.dll+0x835aae]
V  [jvm.dll+0x836113]
V  [jvm.dll+0x24696f]
V  [jvm.dll+0x6743f9]
V  [jvm.dll+0x668c8a]
V  [jvm.dll+0x3061bb]
V  [jvm.dll+0x30d6a6]
V  [jvm.dll+0x35cece]
V  [jvm.dll+0x35d0ff]
V  [jvm.dll+0x2dd048]
V  [jvm.dll+0x2ddfb4]
V  [jvm.dll+0x8066d1]
V  [jvm.dll+0x36ac91]
V  [jvm.dll+0x7e5cec]
V  [jvm.dll+0x3ed56f]
V  [jvm.dll+0x3ef0a1]
C  [jli.dll+0x528b]
C  [ucrtbase.dll+0x29363]
C  [KERNEL32.DLL+0x126ad]
C  [ntdll.dll+0x5a9f8]


---------------  P R O C E S S  ---------------

Threads class SMR info:
_java_thread_list=0x00007fff1b967018, length=0, elements={
}

Java Threads: ( => current thread )

Other Threads:
  0x00000178c60a5840 GCTaskThread "GC Thread#0" [stack: 0x00000039aae00000,0x00000039aaf00000] [id=15464]
  0x00000178c60aeb00 ConcurrentGCThread "G1 Main Marker" [stack: 0x00000039aaf00000,0x00000039ab000000] [id=15080]
  0x00000178c60af510 ConcurrentGCThread "G1 Conc#0" [stack: 0x00000039ab000000,0x00000039ab100000] [id=14632]

[error occurred during error reporting (printing all threads), id 0xc0000005, EXCEPTION_ACCESS_VIOLATION (0xc0000005) at pc=0x00007fff1b13daf7]

VM state: not at safepoint (not fully initialized)

VM Mutex/Monitor currently owned by a thread:  ([mutex/lock_event])
[0x00000178c606ada0] Heap_lock - owner thread: 0x00000178c606bb90

Heap address: 0x00000000c2c00000, size: 980 MB, Compressed Oops mode: 32-bit

CDS archive(s) mapped at: [0x0000000000000000-0x0000000000000000-0x0000000000000000), size 0, SharedBaseAddress: 0x0000000800000000, ArchiveRelocationMode: 0.
Narrow klass base: 0x0000000000000000, Narrow klass shift: 0, Narrow klass range: 0x0

GC Precious Log:
<Empty>

Heap:
 garbage-first heap   total 0K, used 0K [0x00000000c2c00000, 0x0000000100000000)
  region size 1024K, 0 young (0K), 0 survivors (0K)

[error occurred during error reporting (printing heap information), id 0xc0000005, EXCEPTION_ACCESS_VIOLATION (0xc0000005) at pc=0x00007fff1b520db9]

GC Heap History (0 events):
No events

Dll operation events (1 events):
Event: 0.020 Loaded shared library C:\Users\Admin\eclipse\plugins\org.eclipse.justj.openjdk.hotspot.jre.full.win32.x86_64_17.0.7.v20230425-1502\jre\bin\java.dll

Deoptimization events (0 events):
No events

Classes unloaded (0 events):
No events

Classes redefined (0 events):
No events

Internal exceptions (0 events):
No events

VM Operations (0 events):
No events

Events (0 events):
No events


Dynamic libraries:
0x00007ff7c3b40000 - 0x00007ff7c3b4e000 	C:\Users\Admin\eclipse\plugins\org.eclipse.justj.openjdk.hotspot.jre.full.win32.x86_64_17.0.7.v20230425-1502\jre\bin\javaw.exe
0x00007fff5a7b0000 - 0x00007fff5a9c4000 	C:\WINDOWS\SYSTEM32\ntdll.dll
0x00007fff59080000 - 0x00007fff59142000 	C:\WINDOWS\System32\KERNEL32.DLL
0x00007fff58170000 - 0x00007fff58513000 	C:\WINDOWS\System32\KERNELBASE.dll
0x00007fff57cf0000 - 0x00007fff57e01000 	C:\WINDOWS\System32\ucrtbase.dll
0x00007fff461a0000 - 0x00007fff461b7000 	C:\Users\Admin\eclipse\plugins\org.eclipse.justj.openjdk.hotspot.jre.full.win32.x86_64_17.0.7.v20230425-1502\jre\bin\jli.dll
0x00007fff59640000 - 0x00007fff597eb000 	C:\WINDOWS\System32\USER32.dll
0x00007fff57fd0000 - 0x00007fff57ff6000 	C:\WINDOWS\System32\win32u.dll
0x00007fff58810000 - 0x00007fff58839000 	C:\WINDOWS\System32\GDI32.dll
0x00007fff57e10000 - 0x00007fff57f29000 	C:\WINDOWS\System32\gdi32full.dll
0x00007fff57f30000 - 0x00007fff57fca000 	C:\WINDOWS\System32\msvcp_win.dll
0x00007fff46ac0000 - 0x00007fff46ad9000 	C:\Users\Admin\eclipse\plugins\org.eclipse.justj.openjdk.hotspot.jre.full.win32.x86_64_17.0.7.v20230425-1502\jre\bin\VCRUNTIME140.dll
0x00007fff44280000 - 0x00007fff4450e000 	C:\WINDOWS\WinSxS\amd64_microsoft.windows.common-controls_6595b64144ccf1df_6.0.22621.1635_none_270f70857386168e\COMCTL32.dll
0x00007fff58ed0000 - 0x00007fff58f77000 	C:\WINDOWS\System32\msvcrt.dll
0x00007fff58780000 - 0x00007fff587b1000 	C:\WINDOWS\System32\IMM32.DLL
0x00007fff48450000 - 0x00007fff4845c000 	C:\Users\Admin\eclipse\plugins\org.eclipse.justj.openjdk.hotspot.jre.full.win32.x86_64_17.0.7.v20230425-1502\jre\bin\vcruntime140_1.dll
0x00007fff202b0000 - 0x00007fff20341000 	C:\Users\Admin\eclipse\plugins\org.eclipse.justj.openjdk.hotspot.jre.full.win32.x86_64_17.0.7.v20230425-1502\jre\bin\msvcp140.dll
0x00007fff1ae50000 - 0x00007fff1ba98000 	C:\Users\Admin\eclipse\plugins\org.eclipse.justj.openjdk.hotspot.jre.full.win32.x86_64_17.0.7.v20230425-1502\jre\bin\server\jvm.dll
0x00007fff59280000 - 0x00007fff5932e000 	C:\WINDOWS\System32\ADVAPI32.dll
0x00007fff59330000 - 0x00007fff593d4000 	C:\WINDOWS\System32\sechost.dll
0x00007fff58840000 - 0x00007fff58957000 	C:\WINDOWS\System32\RPCRT4.dll
0x00007fff372e0000 - 0x00007fff372e9000 	C:\WINDOWS\SYSTEM32\WSOCK32.dll
0x00007fff593e0000 - 0x00007fff59451000 	C:\WINDOWS\System32\WS2_32.dll
0x00007fff503b0000 - 0x00007fff503e4000 	C:\WINDOWS\SYSTEM32\WINMM.dll
0x00007fff4eb40000 - 0x00007fff4eb4a000 	C:\WINDOWS\SYSTEM32\VERSION.dll
0x00007fff56360000 - 0x00007fff56378000 	C:\WINDOWS\SYSTEM32\kernel.appcore.dll
0x00007fff33410000 - 0x00007fff3341a000 	C:\Users\Admin\eclipse\plugins\org.eclipse.justj.openjdk.hotspot.jre.full.win32.x86_64_17.0.7.v20230425-1502\jre\bin\jimage.dll
0x00007fff57450000 - 0x00007fff5767e000 	C:\WINDOWS\SYSTEM32\DBGHELP.DLL
0x00007fff599a0000 - 0x00007fff59d29000 	C:\WINDOWS\System32\combase.dll
0x00007fff5a690000 - 0x00007fff5a767000 	C:\WINDOWS\System32\OLEAUT32.dll
0x00007fff57300000 - 0x00007fff57332000 	C:\WINDOWS\SYSTEM32\dbgcore.DLL
0x00007fff57c70000 - 0x00007fff57ceb000 	C:\WINDOWS\System32\bcryptPrimitives.dll
0x00007fff21030000 - 0x00007fff21055000 	C:\Users\Admin\eclipse\plugins\org.eclipse.justj.openjdk.hotspot.jre.full.win32.x86_64_17.0.7.v20230425-1502\jre\bin\java.dll

dbghelp: loaded successfully - version: 4.0.5 - missing functions: none
symbol engine: initialized successfully - sym options: 0x614 - pdb path: .;C:\Users\Admin\eclipse\plugins\org.eclipse.justj.openjdk.hotspot.jre.full.win32.x86_64_17.0.7.v20230425-1502\jre\bin;C:\WINDOWS\SYSTEM32;C:\WINDOWS\WinSxS\amd64_microsoft.windows.common-controls_6595b64144ccf1df_6.0.22621.1635_none_270f70857386168e;C:\Users\Admin\eclipse\plugins\org.eclipse.justj.openjdk.hotspot.jre.full.win32.x86_64_17.0.7.v20230425-1502\jre\bin\server

VM Arguments:
jvm_args: --module-path=D:\Downloads\openjfx-20.0.1_monocle-windows-x64_bin-sdk\javafx-sdk-20.0.1\lib --add-modules=javafx.controls,javafx.fxml,javafx.swing,javafx.graphics,javafx.web -Dfile.encoding=UTF-8 -XX:+ShowCodeDetailsInExceptionMessages 
java_command: hust.soict.dsai.aims.screen.test
java_class_path (initial): C:\Users\Admin\eclipse-workspace\AimsProject\bin;C:\Program Files\Java\openjfx-20.0.1_windows-x64_bin-sdk\javafx-sdk-20.0.1\lib\javafx.base.jar;C:\Program Files\Java\openjfx-20.0.1_windows-x64_bin-sdk\javafx-sdk-20.0.1\lib\javafx.controls.jar;C:\Program Files\Java\openjfx-20.0.1_windows-x64_bin-sdk\javafx-sdk-20.0.1\lib\javafx.fxml.jar;C:\Program Files\Java\openjfx-20.0.1_windows-x64_bin-sdk\javafx-sdk-20.0.1\lib\javafx.graphics.jar;C:\Program Files\Java\openjfx-20.0.1_windows-x64_bin-sdk\javafx-sdk-20.0.1\lib\javafx.media.jar;C:\Program Files\Java\openjfx-20.0.1_windows-x64_bin-sdk\javafx-sdk-20.0.1\lib\javafx.swing.jar;C:\Program Files\Java\openjfx-20.0.1_windows-x64_bin-sdk\javafx-sdk-20.0.1\lib\javafx.web.jar;C:\Program Files\Java\openjfx-20.0.1_windows-x64_bin-sdk\javafx-sdk-20.0.1\lib\javafx-swt.jar;D:\Downloads\openjfx-20.0.1_monocle-windows-x64_bin-sdk\javafx-sdk-20.0.1\lib\javafx.controls.jar;D:\Downloads\openjfx-20.0.1_monocle-windows-x64_bin-sdk\javafx-sdk-20.0.1\lib\javafx.fxml.jar;D:\Downloads\openjfx-20.0.1_monocle-windows-x64_bin-sdk\javafx-sdk-20.0.1\lib\javafx.graphics.jar;D:\Downloads\openjfx-20.0.1_monocle-windows-x64_bin-sdk\javafx-sdk-20.0.1\lib\javafx.media.jar;D:\Downloads\openjfx-20.0.1_monocle-windows-x64_bin-sdk\javafx-sdk-20.0.1\lib\javafx.swing.jar;D:\Downloads\openjfx-20.0.1_monocle-windows-x64_bin-sdk\javafx-sdk-20.0.1\lib\javafx.web.jar;D:\Downloads\openjfx-20.0.1_monocle-windows-x64_bin-sdk\javafx-sdk-20.0.1\lib\javafx.base.jar;D:\Downloads\openjfx-20.0.1_monocle-windows-x64_bin-sdk\javafx-sdk-20.0.1\lib\javafx-swt.jar
Launcher Type: SUN_STANDARD

[Global flags]
     intx CICompilerCount                          = 3                                         {product} {ergonomic}
     uint ConcGCThreads                            = 1                                         {product} {ergonomic}
     uint G1ConcRefinementThreads                  = 4                                         {product} {ergonomic}
   size_t G1HeapRegionSize                         = 1048576                                   {product} {ergonomic}
    uintx GCDrainStackTargetSize                   = 64                                        {product} {ergonomic}
   size_t InitialHeapSize                          = 65011712                                  {product} {ergonomic}
   size_t MarkStackSize                            = 4194304                                   {product} {ergonomic}
   size_t MaxHeapSize                              = 1027604480                                {product} {ergonomic}
   size_t MinHeapDeltaBytes                        = 1048576                                   {product} {ergonomic}
   size_t MinHeapSize                              = 8388608                                   {product} {ergonomic}
    uintx NonNMethodCodeHeapSize                   = 5832780                                {pd product} {ergonomic}
    uintx NonProfiledCodeHeapSize                  = 122912730                              {pd product} {ergonomic}
    uintx ProfiledCodeHeapSize                     = 122912730                              {pd product} {ergonomic}
    uintx ReservedCodeCacheSize                    = 251658240                              {pd product} {ergonomic}
     bool SegmentedCodeCache                       = true                                      {product} {ergonomic}
     bool ShowCodeDetailsInExceptionMessages       = true                                   {manageable} {command line}
   size_t SoftMaxHeapSize                          = 1027604480                             {manageable} {ergonomic}
     bool UseCompressedClassPointers               = true                           {product lp64_product} {ergonomic}
     bool UseCompressedOops                        = true                           {product lp64_product} {ergonomic}
     bool UseG1GC                                  = true                                      {product} {ergonomic}
     bool UseLargePagesIndividualAllocation        = false                                  {pd product} {ergonomic}

Logging:
Log output configuration:
 #0: stdout all=warning uptime,level,tags
 #1: stderr all=off uptime,level,tags

Environment Variables:
JAVA_HOME=C:\Program Files\Java\jdk1.8.0_361
PATH=C:/Users/Admin/eclipse//plugins/org.eclipse.justj.openjdk.hotspot.jre.full.win32.x86_64_17.0.7.v20230425-1502/jre/bin/server;C:/Users/Admin/eclipse//plugins/org.eclipse.justj.openjdk.hotspot.jre.full.win32.x86_64_17.0.7.v20230425-1502/jre/bin;C:\Program Files\Microsoft MPI\Bin\;C:\Program Files\Common Files\Oracle\Java\javapath;C:\WINDOWS\system32;C:\WINDOWS;C:\WINDOWS\System32\Wbem;C:\WINDOWS\System32\WindowsPowerShell\v1.0\;C:\WINDOWS\System32\OpenSSH\;C:\Program Files (x86)\Microsoft SQL Server\160\Tools\Binn\;D:\Microsoft SQL Server\160\Tools\Binn\;D:\Microsoft SQL Server\Client SDK\ODBC\170\Tools\Binn\;D:\Microsoft SQL Server\160\DTS\Binn\;C:\Program Files (x86)\Microsoft SQL Server\160\DTS\Binn\;C:\Program Files\Azure Data Studio\bin;C:\Program Files\Git\cmd;C:\Users\Admin\AppData\Local\Programs\Python\Python310\Scripts\;C:\Users\Admin\AppData\Local\Programs\Python\Python310\;C:\Users\Admin\AppData\Local\Microsoft\WindowsApps;C:\Users\Admin\AppData\Local\Programs\Microsoft VS Code\bin;C:\Program Files\Azure Data Studio\bin;C:\Users\Admin\AppData\Local\GitHubDesktop\bin;C:\Users\Admin\eclipse;
USERNAME=Admin
OS=Windows_NT
PROCESSOR_IDENTIFIER=Intel64 Family 6 Model 122 Stepping 1, GenuineIntel
TMP=C:\Users\Admin\AppData\Local\Temp
TEMP=C:\Users\Admin\AppData\Local\Temp



---------------  S Y S T E M  ---------------

OS:
 Windows 11 , 64 bit Build 22621 (10.0.22621.1778)
OS uptime: 0 days 6:58 hours

CPU: total 4 (initial active 4) (4 cores per cpu, 1 threads per core) family 6 model 122 stepping 1 microcode 0x34, cx8, cmov, fxsr, mmx, 3dnowpref, sse, sse2, sse3, ssse3, sse4.1, sse4.2, popcnt, tsc, tscinvbit, aes, erms, clmul, sha, clflush, clflushopt

Memory: 4k page, system-wide physical 3919M (322M free)
TotalPageFile size 11064M (AvailPageFile size 31M)
current process WorkingSet (physical memory assigned to process): 10M, peak: 10M
current process commit charge ("private bytes"): 51M, peak: 113M

vm_info: OpenJDK 64-Bit Server VM (17.0.7+7) for windows-amd64 JRE (17.0.7+7), built on Apr 18 2023 22:10:42 by "temurin" with MS VC++ 16.7 (VS2019)

END.
