#
# There is insufficient memory for the Java Runtime Environment to continue.
# Native memory allocation (mmap) failed to map 65536 bytes for Failed to commit metaspace.
# Possible reasons:
#   The system is out of physical RAM or swap space
#   The process is running with CompressedOops enabled, and the Java Heap may be blocking the growth of the native heap
# Possible solutions:
#   Reduce memory load on the system
#   Increase physical memory or swap space
#   Check if swap backing store is full
#   Decrease Java heap size (-Xmx/-Xms)
#   Decrease number of Java threads
#   Decrease Java thread stack sizes (-Xss)
#   Set larger code cache with -XX:ReservedCodeCacheSize=
#   JVM is running with Unscaled Compressed Oops mode in which the Java heap is
#     placed in the first 4GB address space. The Java Heap base address is the
#     maximum limit for the native heap growth. Please use -XX:HeapBaseMinAddress
#     to set the Java Heap base and to place the Java Heap above 4GB virtual address.
# This output file may be truncated or incomplete.
#
#  Out of Memory Error (virtualSpaceNode.cpp:110), pid=892, tid=11736
#
# JRE version: OpenJDK Runtime Environment Temurin-17.0.7+7 (17.0.7+7) (build 17.0.7+7)
# Java VM: OpenJDK 64-Bit Server VM Temurin-17.0.7+7 (17.0.7+7, mixed mode, tiered, compressed oops, compressed class ptrs, g1 gc, windows-amd64)
# No core dump will be written. Minidumps are not enabled by default on client versions of Windows
#

---------------  S U M M A R Y ------------

Command Line: --module-path=D:\Downloads\openjfx-20.0.1_monocle-windows-x64_bin-sdk\javafx-sdk-20.0.1\lib --add-modules=javafx.controls,javafx.fxml,javafx.swing,javafx.graphics,javafx.web -Dfile.encoding=UTF-8 -XX:+ShowCodeDetailsInExceptionMessages hust.soict.dsai.aims.screen.test

Host: Intel(R) Pentium(R) Silver N5000 CPU @ 1.10GHz, 4 cores, 3G,  Windows 11 , 64 bit Build 22621 (10.0.22621.1778)
Time: Fri Jun 30 15:31:14 2023 SE Asia Standard Time elapsed time: 0.489037 seconds (0d 0h 0m 0s)

---------------  T H R E A D  ---------------

Current thread (0x0000018e47bfbb80):  JavaThread "main" [_thread_in_vm, id=11736, stack(0x00000057b4100000,0x00000057b4200000)]

Stack: [0x00000057b4100000,0x00000057b4200000]
Native frames: (J=compiled Java code, j=interpreted, Vv=VM code, C=native code)
V  [jvm.dll+0x67754a]
V  [jvm.dll+0x834304]
V  [jvm.dll+0x835aae]
V  [jvm.dll+0x836113]
V  [jvm.dll+0x24696f]
V  [jvm.dll+0x83039b]
V  [jvm.dll+0x61c006]
V  [jvm.dll+0x1c169e]
V  [jvm.dll+0x61e961]
V  [jvm.dll+0x61c9a6]
V  [jvm.dll+0x36cff2]
V  [jvm.dll+0x1e311b]
V  [jvm.dll+0x53ea79]
V  [jvm.dll+0x7afc28]
V  [jvm.dll+0x7afd14]
V  [jvm.dll+0x40de05]
V  [jvm.dll+0x413f58]
C  [java.dll+0x17ec]

Java frames: (J=compiled Java code, j=interpreted, Vv=VM code)
j  java.lang.ClassLoader.defineClass1(Ljava/lang/ClassLoader;Ljava/lang/String;[BIILjava/security/ProtectionDomain;Ljava/lang/String;)Ljava/lang/Class;+0 java.base@17.0.7
j  java.lang.ClassLoader.defineClass(Ljava/lang/String;[BIILjava/security/ProtectionDomain;)Ljava/lang/Class;+27 java.base@17.0.7
j  java.security.SecureClassLoader.defineClass(Ljava/lang/String;[BIILjava/security/CodeSource;)Ljava/lang/Class;+12 java.base@17.0.7
j  jdk.internal.loader.BuiltinClassLoader.defineClass(Ljava/lang/String;Ljdk/internal/loader/Resource;)Ljava/lang/Class;+117 java.base@17.0.7
j  jdk.internal.loader.BuiltinClassLoader.findClassOnClassPathOrNull(Ljava/lang/String;)Ljava/lang/Class;+37 java.base@17.0.7
j  jdk.internal.loader.BuiltinClassLoader.loadClassOrNull(Ljava/lang/String;Z)Ljava/lang/Class;+111 java.base@17.0.7
j  jdk.internal.loader.BuiltinClassLoader.loadClass(Ljava/lang/String;Z)Ljava/lang/Class;+3 java.base@17.0.7
j  jdk.internal.loader.ClassLoaders$AppClassLoader.loadClass(Ljava/lang/String;Z)Ljava/lang/Class;+36 java.base@17.0.7
j  java.lang.ClassLoader.loadClass(Ljava/lang/String;)Ljava/lang/Class;+3 java.base@17.0.7
v  ~StubRoutines::call_stub
j  java.lang.Class.forName0(Ljava/lang/String;ZLjava/lang/ClassLoader;Ljava/lang/Class;)Ljava/lang/Class;+0 java.base@17.0.7
j  java.lang.Class.forName(Ljava/lang/String;ZLjava/lang/ClassLoader;)Ljava/lang/Class;+43 java.base@17.0.7
j  sun.launcher.LauncherHelper.loadMainClass(ILjava/lang/String;)Ljava/lang/Class;+95 java.base@17.0.7
j  sun.launcher.LauncherHelper.checkAndLoadMain(ZILjava/lang/String;)Ljava/lang/Class;+42 java.base@17.0.7
v  ~StubRoutines::call_stub

---------------  P R O C E S S  ---------------

Threads class SMR info:
_java_thread_list=0x0000018e632d4930, length=12, elements={
0x0000018e47bfbb80, 0x0000018e5ebeb420, 0x0000018e5ebebee0, 0x0000018e5ebd4b20,
0x0000018e5ebd56d0, 0x0000018e5ec14000, 0x0000018e5ec148c0, 0x0000018e5ec164c0,
0x0000018e6302a7f0, 0x0000018e63046110, 0x0000018e630da330, 0x0000018e632e22b0
}

Java Threads: ( => current thread )
=>0x0000018e47bfbb80 JavaThread "main" [_thread_in_vm, id=11736, stack(0x00000057b4100000,0x00000057b4200000)]
  0x0000018e5ebeb420 JavaThread "Reference Handler" daemon [_thread_blocked, id=8084, stack(0x00000057b4800000,0x00000057b4900000)]
  0x0000018e5ebebee0 JavaThread "Finalizer" daemon [_thread_blocked, id=1372, stack(0x00000057b4900000,0x00000057b4a00000)]
  0x0000018e5ebd4b20 JavaThread "Signal Dispatcher" daemon [_thread_blocked, id=2452, stack(0x00000057b4a00000,0x00000057b4b00000)]
  0x0000018e5ebd56d0 JavaThread "Attach Listener" daemon [_thread_blocked, id=15220, stack(0x00000057b4b00000,0x00000057b4c00000)]
  0x0000018e5ec14000 JavaThread "Service Thread" daemon [_thread_blocked, id=5632, stack(0x00000057b4c00000,0x00000057b4d00000)]
  0x0000018e5ec148c0 JavaThread "Monitor Deflation Thread" daemon [_thread_blocked, id=7640, stack(0x00000057b4d00000,0x00000057b4e00000)]
  0x0000018e5ec164c0 JavaThread "C2 CompilerThread0" daemon [_thread_blocked, id=14424, stack(0x00000057b4e00000,0x00000057b4f00000)]
  0x0000018e6302a7f0 JavaThread "C1 CompilerThread0" daemon [_thread_blocked, id=14720, stack(0x00000057b4f00000,0x00000057b5000000)]
  0x0000018e63046110 JavaThread "Sweeper thread" daemon [_thread_blocked, id=2924, stack(0x00000057b5000000,0x00000057b5100000)]
  0x0000018e630da330 JavaThread "Common-Cleaner" daemon [_thread_blocked, id=5788, stack(0x00000057b5100000,0x00000057b5200000)]
  0x0000018e632e22b0 JavaThread "Notification Thread" daemon [_thread_blocked, id=2312, stack(0x00000057b5200000,0x00000057b5300000)]

Other Threads:
  0x0000018e5eb78980 VMThread "VM Thread" [stack: 0x00000057b4700000,0x00000057b4800000] [id=7984]
  0x0000018e63282de0 WatcherThread [stack: 0x00000057b5300000,0x00000057b5400000] [id=7872]
  0x0000018e47c38650 GCTaskThread "GC Thread#0" [stack: 0x00000057b4200000,0x00000057b4300000] [id=2028]
  0x0000018e47c41010 ConcurrentGCThread "G1 Main Marker" [stack: 0x00000057b4300000,0x00000057b4400000] [id=10704]
  0x0000018e47c41a20 ConcurrentGCThread "G1 Conc#0" [stack: 0x00000057b4400000,0x00000057b4500000] [id=10428]
  0x0000018e47c7e920 ConcurrentGCThread "G1 Refine#0" [stack: 0x00000057b4500000,0x00000057b4600000] [id=7584]
  0x0000018e47c801f0 ConcurrentGCThread "G1 Service" [stack: 0x00000057b4600000,0x00000057b4700000] [id=8320]

Threads with active compile tasks:

VM state: not at safepoint (normal execution)

VM Mutex/Monitor currently owned by a thread:  ([mutex/lock_event])
[0x0000018e47bf4220] Metaspace_lock - owner thread: 0x0000018e47bfbb80

Heap address: 0x00000000c2c00000, size: 980 MB, Compressed Oops mode: 32-bit

CDS archive(s) not mapped
Compressed class space mapped at: 0x0000000100000000-0x0000000140000000, reserved size: 1073741824
Narrow klass base: 0x0000000000000000, Narrow klass shift: 3, Narrow klass range: 0x140000000

GC Precious Log:
 CPUs: 4 total, 4 available
 Memory: 3919M
 Large Page Support: Disabled
 NUMA Support: Disabled
 Compressed Oops: Enabled (32-bit)
 Heap Region Size: 1M
 Heap Min Capacity: 8M
 Heap Initial Capacity: 62M
 Heap Max Capacity: 980M
 Pre-touch: Disabled
 Parallel Workers: 4
 Concurrent Workers: 1
 Concurrent Refinement Workers: 4
 Periodic GC: Disabled

Heap:
 garbage-first heap   total 63488K, used 7168K [0x00000000c2c00000, 0x0000000100000000)
  region size 1024K, 8 young (8192K), 0 survivors (0K)
 Metaspace       used 6604K, committed 6720K, reserved 1114112K
  class space    used 573K, committed 576K, reserved 1048576K

Heap Regions: E=young(eden), S=young(survivor), O=old, HS=humongous(starts), HC=humongous(continues), CS=collection set, F=free, OA=open archive, CA=closed archive, TAMS=top-at-mark-start (previous, next)
|   0|0x00000000c2c00000, 0x00000000c2c00000, 0x00000000c2d00000|  0%| F|  |TAMS 0x00000000c2c00000, 0x00000000c2c00000| Untracked 
|   1|0x00000000c2d00000, 0x00000000c2d00000, 0x00000000c2e00000|  0%| F|  |TAMS 0x00000000c2d00000, 0x00000000c2d00000| Untracked 
|   2|0x00000000c2e00000, 0x00000000c2e00000, 0x00000000c2f00000|  0%| F|  |TAMS 0x00000000c2e00000, 0x00000000c2e00000| Untracked 
|   3|0x00000000c2f00000, 0x00000000c2f00000, 0x00000000c3000000|  0%| F|  |TAMS 0x00000000c2f00000, 0x00000000c2f00000| Untracked 
|   4|0x00000000c3000000, 0x00000000c3000000, 0x00000000c3100000|  0%| F|  |TAMS 0x00000000c3000000, 0x00000000c3000000| Untracked 
|   5|0x00000000c3100000, 0x00000000c3100000, 0x00000000c3200000|  0%| F|  |TAMS 0x00000000c3100000, 0x00000000c3100000| Untracked 
|   6|0x00000000c3200000, 0x00000000c3200000, 0x00000000c3300000|  0%| F|  |TAMS 0x00000000c3200000, 0x00000000c3200000| Untracked 
|   7|0x00000000c3300000, 0x00000000c3300000, 0x00000000c3400000|  0%| F|  |TAMS 0x00000000c3300000, 0x00000000c3300000| Untracked 
|   8|0x00000000c3400000, 0x00000000c3400000, 0x00000000c3500000|  0%| F|  |TAMS 0x00000000c3400000, 0x00000000c3400000| Untracked 
|   9|0x00000000c3500000, 0x00000000c3500000, 0x00000000c3600000|  0%| F|  |TAMS 0x00000000c3500000, 0x00000000c3500000| Untracked 
|  10|0x00000000c3600000, 0x00000000c3600000, 0x00000000c3700000|  0%| F|  |TAMS 0x00000000c3600000, 0x00000000c3600000| Untracked 
|  11|0x00000000c3700000, 0x00000000c3700000, 0x00000000c3800000|  0%| F|  |TAMS 0x00000000c3700000, 0x00000000c3700000| Untracked 
|  12|0x00000000c3800000, 0x00000000c3800000, 0x00000000c3900000|  0%| F|  |TAMS 0x00000000c3800000, 0x00000000c3800000| Untracked 
|  13|0x00000000c3900000, 0x00000000c3900000, 0x00000000c3a00000|  0%| F|  |TAMS 0x00000000c3900000, 0x00000000c3900000| Untracked 
|  14|0x00000000c3a00000, 0x00000000c3a00000, 0x00000000c3b00000|  0%| F|  |TAMS 0x00000000c3a00000, 0x00000000c3a00000| Untracked 
|  15|0x00000000c3b00000, 0x00000000c3b00000, 0x00000000c3c00000|  0%| F|  |TAMS 0x00000000c3b00000, 0x00000000c3b00000| Untracked 
|  16|0x00000000c3c00000, 0x00000000c3c00000, 0x00000000c3d00000|  0%| F|  |TAMS 0x00000000c3c00000, 0x00000000c3c00000| Untracked 
|  17|0x00000000c3d00000, 0x00000000c3d00000, 0x00000000c3e00000|  0%| F|  |TAMS 0x00000000c3d00000, 0x00000000c3d00000| Untracked 
|  18|0x00000000c3e00000, 0x00000000c3e00000, 0x00000000c3f00000|  0%| F|  |TAMS 0x00000000c3e00000, 0x00000000c3e00000| Untracked 
|  19|0x00000000c3f00000, 0x00000000c3f00000, 0x00000000c4000000|  0%| F|  |TAMS 0x00000000c3f00000, 0x00000000c3f00000| Untracked 
|  20|0x00000000c4000000, 0x00000000c4000000, 0x00000000c4100000|  0%| F|  |TAMS 0x00000000c4000000, 0x00000000c4000000| Untracked 
|  21|0x00000000c4100000, 0x00000000c4100000, 0x00000000c4200000|  0%| F|  |TAMS 0x00000000c4100000, 0x00000000c4100000| Untracked 
|  22|0x00000000c4200000, 0x00000000c4200000, 0x00000000c4300000|  0%| F|  |TAMS 0x00000000c4200000, 0x00000000c4200000| Untracked 
|  23|0x00000000c4300000, 0x00000000c4300000, 0x00000000c4400000|  0%| F|  |TAMS 0x00000000c4300000, 0x00000000c4300000| Untracked 
|  24|0x00000000c4400000, 0x00000000c4400000, 0x00000000c4500000|  0%| F|  |TAMS 0x00000000c4400000, 0x00000000c4400000| Untracked 
|  25|0x00000000c4500000, 0x00000000c4500000, 0x00000000c4600000|  0%| F|  |TAMS 0x00000000c4500000, 0x00000000c4500000| Untracked 
|  26|0x00000000c4600000, 0x00000000c4600000, 0x00000000c4700000|  0%| F|  |TAMS 0x00000000c4600000, 0x00000000c4600000| Untracked 
|  27|0x00000000c4700000, 0x00000000c4700000, 0x00000000c4800000|  0%| F|  |TAMS 0x00000000c4700000, 0x00000000c4700000| Untracked 
|  28|0x00000000c4800000, 0x00000000c4800000, 0x00000000c4900000|  0%| F|  |TAMS 0x00000000c4800000, 0x00000000c4800000| Untracked 
|  29|0x00000000c4900000, 0x00000000c4900000, 0x00000000c4a00000|  0%| F|  |TAMS 0x00000000c4900000, 0x00000000c4900000| Untracked 
|  30|0x00000000c4a00000, 0x00000000c4a00000, 0x00000000c4b00000|  0%| F|  |TAMS 0x00000000c4a00000, 0x00000000c4a00000| Untracked 
|  31|0x00000000c4b00000, 0x00000000c4b00000, 0x00000000c4c00000|  0%| F|  |TAMS 0x00000000c4b00000, 0x00000000c4b00000| Untracked 
|  32|0x00000000c4c00000, 0x00000000c4c00000, 0x00000000c4d00000|  0%| F|  |TAMS 0x00000000c4c00000, 0x00000000c4c00000| Untracked 
|  33|0x00000000c4d00000, 0x00000000c4d00000, 0x00000000c4e00000|  0%| F|  |TAMS 0x00000000c4d00000, 0x00000000c4d00000| Untracked 
|  34|0x00000000c4e00000, 0x00000000c4e00000, 0x00000000c4f00000|  0%| F|  |TAMS 0x00000000c4e00000, 0x00000000c4e00000| Untracked 
|  35|0x00000000c4f00000, 0x00000000c4f00000, 0x00000000c5000000|  0%| F|  |TAMS 0x00000000c4f00000, 0x00000000c4f00000| Untracked 
|  36|0x00000000c5000000, 0x00000000c5000000, 0x00000000c5100000|  0%| F|  |TAMS 0x00000000c5000000, 0x00000000c5000000| Untracked 
|  37|0x00000000c5100000, 0x00000000c5100000, 0x00000000c5200000|  0%| F|  |TAMS 0x00000000c5100000, 0x00000000c5100000| Untracked 
|  38|0x00000000c5200000, 0x00000000c5200000, 0x00000000c5300000|  0%| F|  |TAMS 0x00000000c5200000, 0x00000000c5200000| Untracked 
|  39|0x00000000c5300000, 0x00000000c5300000, 0x00000000c5400000|  0%| F|  |TAMS 0x00000000c5300000, 0x00000000c5300000| Untracked 
|  40|0x00000000c5400000, 0x00000000c5400000, 0x00000000c5500000|  0%| F|  |TAMS 0x00000000c5400000, 0x00000000c5400000| Untracked 
|  41|0x00000000c5500000, 0x00000000c5500000, 0x00000000c5600000|  0%| F|  |TAMS 0x00000000c5500000, 0x00000000c5500000| Untracked 
|  42|0x00000000c5600000, 0x00000000c5600000, 0x00000000c5700000|  0%| F|  |TAMS 0x00000000c5600000, 0x00000000c5600000| Untracked 
|  43|0x00000000c5700000, 0x00000000c5700000, 0x00000000c5800000|  0%| F|  |TAMS 0x00000000c5700000, 0x00000000c5700000| Untracked 
|  44|0x00000000c5800000, 0x00000000c5800000, 0x00000000c5900000|  0%| F|  |TAMS 0x00000000c5800000, 0x00000000c5800000| Untracked 
|  45|0x00000000c5900000, 0x00000000c5900000, 0x00000000c5a00000|  0%| F|  |TAMS 0x00000000c5900000, 0x00000000c5900000| Untracked 
|  46|0x00000000c5a00000, 0x00000000c5a00000, 0x00000000c5b00000|  0%| F|  |TAMS 0x00000000c5a00000, 0x00000000c5a00000| Untracked 
|  47|0x00000000c5b00000, 0x00000000c5b00000, 0x00000000c5c00000|  0%| F|  |TAMS 0x00000000c5b00000, 0x00000000c5b00000| Untracked 
|  48|0x00000000c5c00000, 0x00000000c5c00000, 0x00000000c5d00000|  0%| F|  |TAMS 0x00000000c5c00000, 0x00000000c5c00000| Untracked 
|  49|0x00000000c5d00000, 0x00000000c5d00000, 0x00000000c5e00000|  0%| F|  |TAMS 0x00000000c5d00000, 0x00000000c5d00000| Untracked 
|  50|0x00000000c5e00000, 0x00000000c5e00000, 0x00000000c5f00000|  0%| F|  |TAMS 0x00000000c5e00000, 0x00000000c5e00000| Untracked 
|  51|0x00000000c5f00000, 0x00000000c5f00000, 0x00000000c6000000|  0%| F|  |TAMS 0x00000000c5f00000, 0x00000000c5f00000| Untracked 
|  52|0x00000000c6000000, 0x00000000c6000000, 0x00000000c6100000|  0%| F|  |TAMS 0x00000000c6000000, 0x00000000c6000000| Untracked 
|  53|0x00000000c6100000, 0x00000000c6100000, 0x00000000c6200000|  0%| F|  |TAMS 0x00000000c6100000, 0x00000000c6100000| Untracked 
|  54|0x00000000c6200000, 0x00000000c6243710, 0x00000000c6300000| 26%| E|  |TAMS 0x00000000c6200000, 0x00000000c6200000| Complete 
|  55|0x00000000c6300000, 0x00000000c6400000, 0x00000000c6400000|100%| E|CS|TAMS 0x00000000c6300000, 0x00000000c6300000| Complete 
|  56|0x00000000c6400000, 0x00000000c6500000, 0x00000000c6500000|100%| E|CS|TAMS 0x00000000c6400000, 0x00000000c6400000| Complete 
|  57|0x00000000c6500000, 0x00000000c6600000, 0x00000000c6600000|100%| E|CS|TAMS 0x00000000c6500000, 0x00000000c6500000| Complete 
|  58|0x00000000c6600000, 0x00000000c6700000, 0x00000000c6700000|100%| E|CS|TAMS 0x00000000c6600000, 0x00000000c6600000| Complete 
|  59|0x00000000c6700000, 0x00000000c6800000, 0x00000000c6800000|100%| E|CS|TAMS 0x00000000c6700000, 0x00000000c6700000| Complete 
|  60|0x00000000c6800000, 0x00000000c6900000, 0x00000000c6900000|100%| E|CS|TAMS 0x00000000c6800000, 0x00000000c6800000| Complete 
|  61|0x00000000c6900000, 0x00000000c6a00000, 0x00000000c6a00000|100%| E|CS|TAMS 0x00000000c6900000, 0x00000000c6900000| Complete 

Card table byte_map: [0x0000018e5a4a0000,0x0000018e5a690000] _byte_map_base: 0x0000018e59e8a000

Marking Bits (Prev, Next): (CMBitMap*) 0x0000018e47c38c60, (CMBitMap*) 0x0000018e47c38ca0
 Prev Bits: [0x0000018e5a880000, 0x0000018e5b7d0000)
 Next Bits: [0x0000018e5b7d0000, 0x0000018e5c720000)

Polling page: 0x0000018e45b20000

Metaspace:

Usage:
  Non-class:      5.89 MB used.
      Class:    573.49 KB used.
       Both:      6.45 MB used.

Virtual space:
  Non-class space:       64.00 MB reserved,       6.00 MB (  9%) committed,  1 nodes.
      Class space:        1.00 GB reserved,     576.00 KB ( <1%) committed,  1 nodes.
             Both:        1.06 GB reserved,       6.56 MB ( <1%) committed. 

Chunk freelists:
   Non-Class:  10.06 MB
       Class:  15.25 MB
        Both:  25.30 MB

MaxMetaspaceSize: unlimited
CompressedClassSpaceSize: 1.00 GB
Initial GC threshold: 21.00 MB
Current GC threshold: 21.00 MB
CDS: off
MetaspaceReclaimPolicy: balanced
 - commit_granule_bytes: 65536.
 - commit_granule_words: 8192.
 - virtual_space_node_default_size: 8388608.
 - enlarge_chunks_in_place: 1.
 - new_chunks_are_fully_committed: 0.
 - uncommit_free_chunks: 1.
 - use_allocation_guard: 0.
 - handle_deallocations: 1.


Internal statistics:

num_allocs_failed_limit: 0.
num_arena_births: 6.
num_arena_deaths: 0.
num_vsnodes_births: 2.
num_vsnodes_deaths: 0.
num_space_committed: 105.
num_space_uncommitted: 0.
num_chunks_returned_to_freelist: 0.
num_chunks_taken_from_freelist: 19.
num_chunk_merges: 0.
num_chunk_splits: 6.
num_chunks_enlarged: 1.
num_inconsistent_stats: 0.

CodeHeap 'non-profiled nmethods': size=120000Kb used=123Kb max_used=123Kb free=119876Kb
 bounds [0x0000018e52d80000, 0x0000018e52ff0000, 0x0000018e5a2b0000]
CodeHeap 'profiled nmethods': size=120000Kb used=496Kb max_used=496Kb free=119503Kb
 bounds [0x0000018e4b2b0000, 0x0000018e4b520000, 0x0000018e527e0000]
CodeHeap 'non-nmethods': size=5760Kb used=1095Kb max_used=1112Kb free=4664Kb
 bounds [0x0000018e527e0000, 0x0000018e52a50000, 0x0000018e52d80000]
 total_blobs=763 nmethods=393 adapters=284
 compilation: enabled
              stopped_count=0, restarted_count=0
 full_count=0

Compilation events (20 events):
Event: 0.463 Thread 0x0000018e6302a7f0  381       3       java.util.HashMap::get (19 bytes)
Event: 0.463 Thread 0x0000018e6302a7f0 nmethod 381 0x0000018e4b32a110 code [0x0000018e4b32a2c0, 0x0000018e4b32a488]
Event: 0.464 Thread 0x0000018e6302a7f0  383       2       java.lang.module.ResolvedModule::name (11 bytes)
Event: 0.464 Thread 0x0000018e6302a7f0 nmethod 383 0x0000018e4b32a590 code [0x0000018e4b32a720, 0x0000018e4b32a838]
Event: 0.464 Thread 0x0000018e6302a7f0  384       1       java.lang.module.ModuleDescriptor::isOpen (5 bytes)
Event: 0.464 Thread 0x0000018e6302a7f0 nmethod 384 0x0000018e52d98810 code [0x0000018e52d989a0, 0x0000018e52d98a78]
Event: 0.465 Thread 0x0000018e6302a7f0  386       1       java.lang.module.ResolvedModule::configuration (5 bytes)
Event: 0.465 Thread 0x0000018e6302a7f0 nmethod 386 0x0000018e52d98f10 code [0x0000018e52d990a0, 0x0000018e52d99178]
Event: 0.465 Thread 0x0000018e6302a7f0  387       2       java.util.HashMap::isEmpty (13 bytes)
Event: 0.465 Thread 0x0000018e6302a7f0 nmethod 387 0x0000018e4b32a910 code [0x0000018e4b32aaa0, 0x0000018e4b32abb8]
Event: 0.466 Thread 0x0000018e6302a7f0  389       1       java.lang.module.ModuleDescriptor$Provides::service (5 bytes)
Event: 0.466 Thread 0x0000018e6302a7f0 nmethod 389 0x0000018e52d99610 code [0x0000018e52d997a0, 0x0000018e52d99878]
Event: 0.467 Thread 0x0000018e6302a7f0  390       2       java.util.Arrays::copyOf (19 bytes)
Event: 0.468 Thread 0x0000018e6302a7f0 nmethod 390 0x0000018e4b32ac90 code [0x0000018e4b32ae40, 0x0000018e4b32b068]
Event: 0.473 Thread 0x0000018e6302a7f0  391       2       java.lang.StringUTF16::getChar (60 bytes)
Event: 0.473 Thread 0x0000018e6302a7f0 nmethod 391 0x0000018e4b32b190 code [0x0000018e4b32b320, 0x0000018e4b32b478]
Event: 0.474 Thread 0x0000018e6302a7f0  392       3       java.lang.String::isLatin1 (19 bytes)
Event: 0.474 Thread 0x0000018e6302a7f0 nmethod 392 0x0000018e4b32b590 code [0x0000018e4b32b720, 0x0000018e4b32b898]
Event: 0.475 Thread 0x0000018e6302a7f0  393       3       java.lang.String::charAt (25 bytes)
Event: 0.476 Thread 0x0000018e6302a7f0 nmethod 393 0x0000018e4b32b910 code [0x0000018e4b32bb00, 0x0000018e4b32c038]

GC Heap History (0 events):
No events

Dll operation events (4 events):
Event: 0.015 Loaded shared library C:\Users\Admin\eclipse\plugins\org.eclipse.justj.openjdk.hotspot.jre.full.win32.x86_64_17.0.7.v20230425-1502\jre\bin\java.dll
Event: 0.293 Loaded shared library C:\Users\Admin\eclipse\plugins\org.eclipse.justj.openjdk.hotspot.jre.full.win32.x86_64_17.0.7.v20230425-1502\jre\bin\net.dll
Event: 0.296 Loaded shared library C:\Users\Admin\eclipse\plugins\org.eclipse.justj.openjdk.hotspot.jre.full.win32.x86_64_17.0.7.v20230425-1502\jre\bin\nio.dll
Event: 0.311 Loaded shared library C:\Users\Admin\eclipse\plugins\org.eclipse.justj.openjdk.hotspot.jre.full.win32.x86_64_17.0.7.v20230425-1502\jre\bin\zip.dll

Deoptimization events (18 events):
Event: 0.376 Thread 0x0000018e47bfbb80 Uncommon trap: trap_request=0xffffff45 fr.pc=0x0000018e52d8fd04 relative=0x0000000000000084
Event: 0.376 Thread 0x0000018e47bfbb80 Uncommon trap: reason=unstable_if action=reinterpret pc=0x0000018e52d8fd04 method=java.lang.CharacterDataLatin1.isJavaIdentifierPart(I)Z @ 11 c2
Event: 0.377 Thread 0x0000018e47bfbb80 DEOPT PACKING pc=0x0000018e52d8fd04 sp=0x00000057b41fdb80
Event: 0.377 Thread 0x0000018e47bfbb80 DEOPT UNPACKING pc=0x0000018e5283699d sp=0x00000057b41fdaf8 mode 2
Event: 0.436 Thread 0x0000018e47bfbb80 DEOPT PACKING pc=0x0000018e4b2fd7c7 sp=0x00000057b41fdc80
Event: 0.436 Thread 0x0000018e47bfbb80 DEOPT UNPACKING pc=0x0000018e52837124 sp=0x00000057b41fd0e0 mode 0
Event: 0.437 Thread 0x0000018e47bfbb80 DEOPT PACKING pc=0x0000018e4b2f2556 sp=0x00000057b41fdc40
Event: 0.438 Thread 0x0000018e47bfbb80 DEOPT UNPACKING pc=0x0000018e52837124 sp=0x00000057b41fd0c8 mode 0
Event: 0.438 Thread 0x0000018e47bfbb80 DEOPT PACKING pc=0x0000018e4b2f2556 sp=0x00000057b41fdc40
Event: 0.438 Thread 0x0000018e47bfbb80 DEOPT UNPACKING pc=0x0000018e52837124 sp=0x00000057b41fd0c8 mode 0
Event: 0.472 Thread 0x0000018e47bfbb80 Uncommon trap: trap_request=0xffffff45 fr.pc=0x0000018e52d8c0dc relative=0x000000000000005c
Event: 0.472 Thread 0x0000018e47bfbb80 Uncommon trap: reason=unstable_if action=reinterpret pc=0x0000018e52d8c0dc method=java.lang.String.isLatin1()Z @ 10 c2
Event: 0.472 Thread 0x0000018e47bfbb80 DEOPT PACKING pc=0x0000018e52d8c0dc sp=0x00000057b41fe4d0
Event: 0.473 Thread 0x0000018e47bfbb80 DEOPT UNPACKING pc=0x0000018e5283699d sp=0x00000057b41fe460 mode 2
Event: 0.473 Thread 0x0000018e47bfbb80 Uncommon trap: trap_request=0xffffff45 fr.pc=0x0000018e52d867f4 relative=0x0000000000000074
Event: 0.473 Thread 0x0000018e47bfbb80 Uncommon trap: reason=unstable_if action=reinterpret pc=0x0000018e52d867f4 method=java.lang.String.isLatin1()Z @ 10 c2
Event: 0.473 Thread 0x0000018e47bfbb80 DEOPT PACKING pc=0x0000018e52d867f4 sp=0x00000057b41feef0
Event: 0.473 Thread 0x0000018e47bfbb80 DEOPT UNPACKING pc=0x0000018e5283699d sp=0x00000057b41fee30 mode 2

Classes unloaded (0 events):
No events

Classes redefined (0 events):
No events

Internal exceptions (2 events):
Event: 0.299 Thread 0x0000018e47bfbb80 Exception <a 'sun/nio/fs/WindowsException'{0x00000000c6847e40}> (0x00000000c6847e40) 
thrown [s\src\hotspot\share\prims\jni.cpp, line 516]
Event: 0.300 Thread 0x0000018e47bfbb80 Exception <a 'sun/nio/fs/WindowsException'{0x00000000c68483b0}> (0x00000000c68483b0) 
thrown [s\src\hotspot\share\prims\jni.cpp, line 516]

VM Operations (4 events):
Event: 0.314 Executing VM operation: HandshakeAllThreads
Event: 0.314 Executing VM operation: HandshakeAllThreads done
Event: 0.446 Executing VM operation: HandshakeAllThreads
Event: 0.446 Executing VM operation: HandshakeAllThreads done

Events (20 events):
Event: 0.477 loading class java/security/SecureClassLoader$CodeSourceKey
Event: 0.477 loading class java/security/SecureClassLoader$CodeSourceKey done
Event: 0.477 loading class java/security/SecureClassLoader$1
Event: 0.477 loading class java/security/SecureClassLoader$1 done
Event: 0.478 loading class sun/security/util/LazyCodeSourcePermissionCollection
Event: 0.478 loading class java/security/PermissionCollection
Event: 0.478 loading class java/security/PermissionCollection done
Event: 0.478 loading class sun/security/util/LazyCodeSourcePermissionCollection done
Event: 0.478 loading class java/security/Permissions
Event: 0.478 loading class java/security/Permissions done
Event: 0.478 loading class java/lang/RuntimePermission
Event: 0.478 loading class java/lang/RuntimePermission done
Event: 0.478 loading class java/security/BasicPermissionCollection
Event: 0.478 loading class java/security/BasicPermissionCollection done
Event: 0.479 loading class java/security/AllPermission
Event: 0.479 loading class java/security/AllPermission done
Event: 0.479 loading class java/security/UnresolvedPermission
Event: 0.479 loading class java/security/UnresolvedPermission done
Event: 0.479 loading class java/security/SecureClassLoader$DebugHolder
Event: 0.479 loading class java/security/SecureClassLoader$DebugHolder done


Dynamic libraries:
0x00007ff7f3020000 - 0x00007ff7f302e000 	C:\Users\Admin\eclipse\plugins\org.eclipse.justj.openjdk.hotspot.jre.full.win32.x86_64_17.0.7.v20230425-1502\jre\bin\javaw.exe
0x00007ff93c6f0000 - 0x00007ff93c904000 	C:\WINDOWS\SYSTEM32\ntdll.dll
0x00007ff93b050000 - 0x00007ff93b112000 	C:\WINDOWS\System32\KERNEL32.DLL
0x00007ff939c40000 - 0x00007ff939fe3000 	C:\WINDOWS\System32\KERNELBASE.dll
0x00007ff93a120000 - 0x00007ff93a231000 	C:\WINDOWS\System32\ucrtbase.dll
0x00007ff90e7c0000 - 0x00007ff90e7d9000 	C:\Users\Admin\eclipse\plugins\org.eclipse.justj.openjdk.hotspot.jre.full.win32.x86_64_17.0.7.v20230425-1502\jre\bin\VCRUNTIME140.dll
0x00007ff90f240000 - 0x00007ff90f257000 	C:\Users\Admin\eclipse\plugins\org.eclipse.justj.openjdk.hotspot.jre.full.win32.x86_64_17.0.7.v20230425-1502\jre\bin\jli.dll
0x00007ff93b260000 - 0x00007ff93b40b000 	C:\WINDOWS\System32\USER32.dll
0x00007ff939af0000 - 0x00007ff939b16000 	C:\WINDOWS\System32\win32u.dll
0x00007ff93c680000 - 0x00007ff93c6a9000 	C:\WINDOWS\System32\GDI32.dll
0x00007ff91fa50000 - 0x00007ff91fcde000 	C:\WINDOWS\WinSxS\amd64_microsoft.windows.common-controls_6595b64144ccf1df_6.0.22621.1635_none_270f70857386168e\COMCTL32.dll
0x00007ff93a3b0000 - 0x00007ff93a4c9000 	C:\WINDOWS\System32\gdi32full.dll
0x00007ff93ba40000 - 0x00007ff93bae7000 	C:\WINDOWS\System32\msvcrt.dll
0x00007ff939ba0000 - 0x00007ff939c3a000 	C:\WINDOWS\System32\msvcp_win.dll
0x00007ff93c520000 - 0x00007ff93c551000 	C:\WINDOWS\System32\IMM32.DLL
0x00007ff922af0000 - 0x00007ff922afc000 	C:\Users\Admin\eclipse\plugins\org.eclipse.justj.openjdk.hotspot.jre.full.win32.x86_64_17.0.7.v20230425-1502\jre\bin\vcruntime140_1.dll
0x00007ff8fb230000 - 0x00007ff8fb2c1000 	C:\Users\Admin\eclipse\plugins\org.eclipse.justj.openjdk.hotspot.jre.full.win32.x86_64_17.0.7.v20230425-1502\jre\bin\msvcp140.dll
0x00007ff9007f0000 - 0x00007ff901438000 	C:\Users\Admin\eclipse\plugins\org.eclipse.justj.openjdk.hotspot.jre.full.win32.x86_64_17.0.7.v20230425-1502\jre\bin\server\jvm.dll
0x00007ff93c340000 - 0x00007ff93c3ee000 	C:\WINDOWS\System32\ADVAPI32.dll
0x00007ff93af80000 - 0x00007ff93b024000 	C:\WINDOWS\System32\sechost.dll
0x00007ff93c1a0000 - 0x00007ff93c2b7000 	C:\WINDOWS\System32\RPCRT4.dll
0x00007ff934810000 - 0x00007ff934819000 	C:\WINDOWS\SYSTEM32\WSOCK32.dll
0x00007ff93c2c0000 - 0x00007ff93c331000 	C:\WINDOWS\System32\WS2_32.dll
0x00007ff932d20000 - 0x00007ff932d54000 	C:\WINDOWS\SYSTEM32\WINMM.dll
0x00007ff931200000 - 0x00007ff93120a000 	C:\WINDOWS\SYSTEM32\VERSION.dll
0x00007ff938b40000 - 0x00007ff938b58000 	C:\WINDOWS\SYSTEM32\kernel.appcore.dll
0x00007ff933ec0000 - 0x00007ff933eca000 	C:\Users\Admin\eclipse\plugins\org.eclipse.justj.openjdk.hotspot.jre.full.win32.x86_64_17.0.7.v20230425-1502\jre\bin\jimage.dll
0x00007ff937520000 - 0x00007ff93774e000 	C:\WINDOWS\SYSTEM32\DBGHELP.DLL
0x00007ff93be10000 - 0x00007ff93c199000 	C:\WINDOWS\System32\combase.dll
0x00007ff93bcb0000 - 0x00007ff93bd87000 	C:\WINDOWS\System32\OLEAUT32.dll
0x00007ff9205e0000 - 0x00007ff920612000 	C:\WINDOWS\SYSTEM32\dbgcore.DLL
0x00007ff939b20000 - 0x00007ff939b9b000 	C:\WINDOWS\System32\bcryptPrimitives.dll
0x00007ff928880000 - 0x00007ff9288a5000 	C:\Users\Admin\eclipse\plugins\org.eclipse.justj.openjdk.hotspot.jre.full.win32.x86_64_17.0.7.v20230425-1502\jre\bin\java.dll
0x00007ff92b290000 - 0x00007ff92b2a8000 	C:\Users\Admin\eclipse\plugins\org.eclipse.justj.openjdk.hotspot.jre.full.win32.x86_64_17.0.7.v20230425-1502\jre\bin\zip.dll
0x00007ff93a6b0000 - 0x00007ff93aeaa000 	C:\WINDOWS\System32\SHELL32.dll
0x00007ff937af0000 - 0x00007ff9383be000 	C:\WINDOWS\SYSTEM32\windows.storage.dll
0x00007ff9379b0000 - 0x00007ff937aee000 	C:\WINDOWS\SYSTEM32\wintypes.dll
0x00007ff93a520000 - 0x00007ff93a611000 	C:\WINDOWS\System32\SHCORE.dll
0x00007ff93c610000 - 0x00007ff93c66e000 	C:\WINDOWS\System32\shlwapi.dll
0x00007ff939a20000 - 0x00007ff939a41000 	C:\WINDOWS\SYSTEM32\profapi.dll
0x00007ff92b170000 - 0x00007ff92b189000 	C:\Users\Admin\eclipse\plugins\org.eclipse.justj.openjdk.hotspot.jre.full.win32.x86_64_17.0.7.v20230425-1502\jre\bin\net.dll
0x00007ff932a20000 - 0x00007ff932b57000 	C:\WINDOWS\SYSTEM32\WINHTTP.dll
0x00007ff938fb0000 - 0x00007ff939019000 	C:\WINDOWS\system32\mswsock.dll
0x00007ff92a600000 - 0x00007ff92a615000 	C:\Users\Admin\eclipse\plugins\org.eclipse.justj.openjdk.hotspot.jre.full.win32.x86_64_17.0.7.v20230425-1502\jre\bin\nio.dll

dbghelp: loaded successfully - version: 4.0.5 - missing functions: none
symbol engine: initialized successfully - sym options: 0x614 - pdb path: .;C:\Users\Admin\eclipse\plugins\org.eclipse.justj.openjdk.hotspot.jre.full.win32.x86_64_17.0.7.v20230425-1502\jre\bin;C:\WINDOWS\SYSTEM32;C:\WINDOWS\WinSxS\amd64_microsoft.windows.common-controls_6595b64144ccf1df_6.0.22621.1635_none_270f70857386168e;C:\Users\Admin\eclipse\plugins\org.eclipse.justj.openjdk.hotspot.jre.full.win32.x86_64_17.0.7.v20230425-1502\jre\bin\server

VM Arguments:
jvm_args: --module-path=D:\Downloads\openjfx-20.0.1_monocle-windows-x64_bin-sdk\javafx-sdk-20.0.1\lib --add-modules=javafx.controls,javafx.fxml,javafx.swing,javafx.graphics,javafx.web -Dfile.encoding=UTF-8 -XX:+ShowCodeDetailsInExceptionMessages 
java_command: hust.soict.dsai.aims.screen.test
java_class_path (initial): C:\Users\Admin\eclipse-workspace\AimsProject\bin;C:\Program Files\Java\openjfx-20.0.1_windows-x64_bin-sdk\javafx-sdk-20.0.1\lib\javafx.base.jar;C:\Program Files\Java\openjfx-20.0.1_windows-x64_bin-sdk\javafx-sdk-20.0.1\lib\javafx.controls.jar;C:\Program Files\Java\openjfx-20.0.1_windows-x64_bin-sdk\javafx-sdk-20.0.1\lib\javafx.fxml.jar;C:\Program Files\Java\openjfx-20.0.1_windows-x64_bin-sdk\javafx-sdk-20.0.1\lib\javafx.graphics.jar;C:\Program Files\Java\openjfx-20.0.1_windows-x64_bin-sdk\javafx-sdk-20.0.1\lib\javafx.media.jar;C:\Program Files\Java\openjfx-20.0.1_windows-x64_bin-sdk\javafx-sdk-20.0.1\lib\javafx.swing.jar;C:\Program Files\Java\openjfx-20.0.1_windows-x64_bin-sdk\javafx-sdk-20.0.1\lib\javafx.web.jar;C:\Program Files\Java\openjfx-20.0.1_windows-x64_bin-sdk\javafx-sdk-20.0.1\lib\javafx-swt.jar;D:\Downloads\openjfx-20.0.1_monocle-windows-x64_bin-sdk\javafx-sdk-20.0.1\lib\javafx.controls.jar;D:\Downloads\openjfx-20.0.1_monocle-windows-x64_bin-sdk\javafx-sdk-20.0.1\lib\javafx.fxml.jar;D:\Downloads\openjfx-20.0.1_monocle-windows-x64_bin-sdk\javafx-sdk-20.0.1\lib\javafx.graphics.jar;D:\Downloads\openjfx-20.0.1_monocle-windows-x64_bin-sdk\javafx-sdk-20.0.1\lib\javafx.media.jar;D:\Downloads\openjfx-20.0.1_monocle-windows-x64_bin-sdk\javafx-sdk-20.0.1\lib\javafx.swing.jar;D:\Downloads\openjfx-20.0.1_monocle-windows-x64_bin-sdk\javafx-sdk-20.0.1\lib\javafx.web.jar;D:\Downloads\openjfx-20.0.1_monocle-windows-x64_bin-sdk\javafx-sdk-20.0.1\lib\javafx.base.jar;D:\Downloads\openjfx-20.0.1_monocle-windows-x64_bin-sdk\javafx-sdk-20.0.1\lib\javafx-swt.jar
Launcher Type: SUN_STANDARD

[Global flags]
     intx CICompilerCount                          = 3                                         {product} {ergonomic}
     uint ConcGCThreads                            = 1                                         {product} {ergonomic}
     uint G1ConcRefinementThreads                  = 4                                         {product} {ergonomic}
   size_t G1HeapRegionSize                         = 1048576                                   {product} {ergonomic}
    uintx GCDrainStackTargetSize                   = 64                                        {product} {ergonomic}
   size_t InitialHeapSize                          = 65011712                                  {product} {ergonomic}
   size_t MarkStackSize                            = 4194304                                   {product} {ergonomic}
   size_t MaxHeapSize                              = 1027604480                                {product} {ergonomic}
   size_t MaxNewSize                               = 616562688                                 {product} {ergonomic}
   size_t MinHeapDeltaBytes                        = 1048576                                   {product} {ergonomic}
   size_t MinHeapSize                              = 8388608                                   {product} {ergonomic}
    uintx NonNMethodCodeHeapSize                   = 5832780                                {pd product} {ergonomic}
    uintx NonProfiledCodeHeapSize                  = 122912730                              {pd product} {ergonomic}
    uintx ProfiledCodeHeapSize                     = 122912730                              {pd product} {ergonomic}
    uintx ReservedCodeCacheSize                    = 251658240                              {pd product} {ergonomic}
     bool SegmentedCodeCache                       = true                                      {product} {ergonomic}
     bool ShowCodeDetailsInExceptionMessages       = true                                   {manageable} {command line}
   size_t SoftMaxHeapSize                          = 1027604480                             {manageable} {ergonomic}
     bool UseCompressedClassPointers               = true                           {product lp64_product} {ergonomic}
     bool UseCompressedOops                        = true                           {product lp64_product} {ergonomic}
     bool UseG1GC                                  = true                                      {product} {ergonomic}
     bool UseLargePagesIndividualAllocation        = false                                  {pd product} {ergonomic}

Logging:
Log output configuration:
 #0: stdout all=warning uptime,level,tags
 #1: stderr all=off uptime,level,tags

Environment Variables:
JAVA_HOME=C:\Program Files\Java\jdk1.8.0_361
PATH=C:/Users/Admin/eclipse//plugins/org.eclipse.justj.openjdk.hotspot.jre.full.win32.x86_64_17.0.7.v20230425-1502/jre/bin/server;C:/Users/Admin/eclipse//plugins/org.eclipse.justj.openjdk.hotspot.jre.full.win32.x86_64_17.0.7.v20230425-1502/jre/bin;C:\Program Files\Microsoft MPI\Bin\;C:\Program Files\Common Files\Oracle\Java\javapath;C:\WINDOWS\system32;C:\WINDOWS;C:\WINDOWS\System32\Wbem;C:\WINDOWS\System32\WindowsPowerShell\v1.0\;C:\WINDOWS\System32\OpenSSH\;C:\Program Files (x86)\Microsoft SQL Server\160\Tools\Binn\;D:\Microsoft SQL Server\160\Tools\Binn\;D:\Microsoft SQL Server\Client SDK\ODBC\170\Tools\Binn\;D:\Microsoft SQL Server\160\DTS\Binn\;C:\Program Files (x86)\Microsoft SQL Server\160\DTS\Binn\;C:\Program Files\Azure Data Studio\bin;C:\Program Files\Git\cmd;C:\Users\Admin\AppData\Local\Programs\Python\Python310\Scripts\;C:\Users\Admin\AppData\Local\Programs\Python\Python310\;C:\Users\Admin\AppData\Local\Microsoft\WindowsApps;C:\Users\Admin\AppData\Local\Programs\Microsoft VS Code\bin;C:\Program Files\Azure Data Studio\bin;C:\Users\Admin\AppData\Local\GitHubDesktop\bin;C:\Users\Admin\eclipse;
USERNAME=Admin
OS=Windows_NT
PROCESSOR_IDENTIFIER=Intel64 Family 6 Model 122 Stepping 1, GenuineIntel
TMP=C:\Users\Admin\AppData\Local\Temp
TEMP=C:\Users\Admin\AppData\Local\Temp



---------------  S Y S T E M  ---------------

OS:
 Windows 11 , 64 bit Build 22621 (10.0.22621.1778)
OS uptime: 7 days 0:44 hours

CPU: total 4 (initial active 4) (4 cores per cpu, 1 threads per core) family 6 model 122 stepping 1 microcode 0x34, cx8, cmov, fxsr, mmx, 3dnowpref, sse, sse2, sse3, ssse3, sse4.1, sse4.2, popcnt, tsc, tscinvbit, aes, erms, clmul, sha, clflush, clflushopt

Memory: 4k page, system-wide physical 3919M (180M free)
TotalPageFile size 10427M (AvailPageFile size 4M)
current process WorkingSet (physical memory assigned to process): 42M, peak: 42M
current process commit charge ("private bytes"): 130M, peak: 130M

vm_info: OpenJDK 64-Bit Server VM (17.0.7+7) for windows-amd64 JRE (17.0.7+7), built on Apr 18 2023 22:10:42 by "temurin" with MS VC++ 16.7 (VS2019)

END.
